2026-03-07 18:14:45,751 INFO [app] unread_count
2026-03-07 18:14:47,814 INFO [app] unread_count
2026-03-07 18:17:30,923 ERROR [app] Unhandled exception
Traceback (most recent call last):
  File "C:\Users\shahr\AppData\Local\Programs\Python\Python314\Lib\site-packages\flask\app.py", line 917, in full_dispatch_request
    rv = self.dispatch_request()
  File "C:\Users\shahr\AppData\Local\Programs\Python\Python314\Lib\site-packages\flask\app.py", line 902, in dispatch_request
    return self.ensure_sync(self.view_functions[rule.endpoint])(**view_args)  # type: ignore[no-any-return]
           ~~~~~~~~~~~~~~~~~~~~~~~~~~~~~~~~~~~~~~~~~~~~~~~~~~~~^^^^^^^^^^^^^
  File "C:\Users\shahr\AppData\Local\Programs\Python\Python314\Lib\site-packages\flask_jwt_extended\view_decorators.py", line 170, in decorator
    return current_app.ensure_sync(fn)(*args, **kwargs)
           ~~~~~~~~~~~~~~~~~~~~~~~~~~~^^^^^^^^^^^^^^^^^
  File "C:\Users\shahr\OneDrive\Documents\Social Media\app\reels\routes.py", line 19, in reel_feed
    reels = personalized_reels(str(user.id), limit=12, offset=0)
                                   ^^^^^^^
AttributeError: 'NoneType' object has no attribute 'id'
2026-03-07 18:17:34,448 ERROR [app] Unhandled exception
Traceback (most recent call last):
  File "C:\Users\shahr\AppData\Local\Programs\Python\Python314\Lib\site-packages\flask\app.py", line 917, in full_dispatch_request
    rv = self.dispatch_request()
  File "C:\Users\shahr\AppData\Local\Programs\Python\Python314\Lib\site-packages\flask\app.py", line 902, in dispatch_request
    return self.ensure_sync(self.view_functions[rule.endpoint])(**view_args)  # type: ignore[no-any-return]
           ~~~~~~~~~~~~~~~~~~~~~~~~~~~~~~~~~~~~~~~~~~~~~~~~~~~~^^^^^^^^^^^^^
  File "C:\Users\shahr\AppData\Local\Programs\Python\Python314\Lib\site-packages\flask_jwt_extended\view_decorators.py", line 170, in decorator
    return current_app.ensure_sync(fn)(*args, **kwargs)
           ~~~~~~~~~~~~~~~~~~~~~~~~~~~^^^^^^^^^^^^^^^^^
  File "C:\Users\shahr\OneDrive\Documents\Social Media\app\reels\routes.py", line 19, in reel_feed
    reels = personalized_reels(str(user.id), limit=12, offset=0)
                                   ^^^^^^^
AttributeError: 'NoneType' object has no attribute 'id'
2026-03-07 18:17:55,062 INFO [app] unread_count
2026-03-07 18:17:55,106 INFO [app] unread_count
2026-03-07 18:18:20,288 INFO [app] unread_count
2026-03-07 18:18:20,308 INFO [app] unread_count
2026-03-07 18:18:22,523 INFO [app] unread_count
2026-03-07 18:18:22,547 INFO [app] unread_count
2026-03-07 18:28:13,808 INFO [app] unread_count
2026-03-07 18:28:14,131 INFO [app] unread_count
2026-03-07 18:28:14,250 INFO [app] unread_count
2026-03-07 18:34:48,951 INFO [app] unread_count
2026-03-07 18:37:52,438 INFO [app] unread_count
2026-03-07 18:37:52,485 INFO [app] unread_count
2026-03-07 18:38:00,606 INFO [app] unread_count
2026-03-07 18:38:00,634 INFO [app] unread_count
2026-03-07 18:38:03,442 INFO [app] unread_count
2026-03-07 18:39:42,701 INFO [app] Email sent
2026-03-07 18:40:11,619 INFO [app] Email sent
2026-03-07 18:40:11,805 INFO [app] notification_created
2026-03-07 18:40:22,092 INFO [app] unread_count
2026-03-07 18:40:22,111 INFO [app] unread_count
2026-03-07 18:40:49,414 INFO [app] unread_count
2026-03-07 18:40:49,427 INFO [app] unread_count
2026-03-07 18:43:46,850 INFO [app] unread_count
2026-03-07 18:43:46,884 INFO [app] unread_count
2026-03-07 18:44:04,057 INFO [app] unread_count
2026-03-07 18:44:04,072 INFO [app] unread_count
2026-03-07 18:44:06,531 INFO [app] unread_count
2026-03-07 18:44:06,650 INFO [app] unread_count
2026-03-07 18:44:08,203 INFO [app] unread_count
2026-03-07 18:44:08,237 INFO [app] notification_created
2026-03-07 18:44:08,434 INFO [app] unread_count
2026-03-07 18:44:08,463 INFO [app] unread_count
2026-03-07 18:44:10,887 INFO [app] unread_count
2026-03-07 18:44:10,892 INFO [app] unread_count
2026-03-07 18:44:12,528 INFO [app] list_notifications | user=cea7440e-41d3-492e-8572-a7639be97f6f
2026-03-07 18:44:12,531 INFO [app] unread_count
2026-03-07 18:44:12,536 INFO [app] list_notifications_result | count=2 data=[{'id': 2, 'type': 'follow', 'is_read': False, 'ref': 'cea7440e-41d3-492e-8572-a7639be97f6f'}, {'id': 1, 'type': 'login_new_device', 'is_read': False, 'ref': 'cea7440e-41d3-492e-8572-a7639be97f6f'}]
2026-03-07 18:44:12,568 INFO [app] unread_count
2026-03-07 18:44:12,573 INFO [app] list_notifications | user=cea7440e-41d3-492e-8572-a7639be97f6f
2026-03-07 18:44:12,579 INFO [app] list_notifications_result | count=2 data=[{'id': 2, 'type': 'follow', 'is_read': False, 'ref': 'cea7440e-41d3-492e-8572-a7639be97f6f'}, {'id': 1, 'type': 'login_new_device', 'is_read': False, 'ref': 'cea7440e-41d3-492e-8572-a7639be97f6f'}]
2026-03-07 18:44:14,472 INFO [app] unread_count
2026-03-07 18:44:14,498 INFO [app] unread_count
2026-03-07 18:44:15,921 INFO [app] unread_count
2026-03-07 18:44:15,959 INFO [app] notification_created
2026-03-07 18:44:16,148 INFO [app] unread_count
2026-03-07 18:44:16,168 INFO [app] unread_count
2026-03-07 18:44:19,783 INFO [app] unread_count
2026-03-07 18:44:19,806 INFO [app] unread_count
2026-03-07 18:47:54,481 INFO [app] unread_count
2026-03-07 18:47:54,511 INFO [app] unread_count
2026-03-07 18:48:09,305 INFO [app] unread_count
2026-03-07 18:48:09,335 INFO [app] unread_count
2026-03-07 18:48:12,011 INFO [app] unread_count
2026-03-07 18:48:12,031 INFO [app] unread_count
2026-03-07 18:50:06,639 INFO [app] unread_count
2026-03-07 18:50:10,939 INFO [app] unread_count
2026-03-07 18:50:16,965 INFO [app] unread_count
2026-03-07 18:50:17,062 INFO [app] unread_count
2026-03-07 18:51:37,313 INFO [app] unread_count
2026-03-07 18:51:37,341 INFO [app] unread_count
2026-03-07 18:52:33,720 INFO [app] unread_count
2026-03-07 18:52:33,790 INFO [app] unread_count
2026-03-07 18:53:49,419 INFO [app] unread_count
2026-03-07 18:53:49,761 INFO [app] unread_count
2026-03-07 18:53:50,414 INFO [app] unread_count
2026-03-07 18:53:50,604 INFO [app] unread_count
2026-03-07 18:53:54,237 INFO [app] unread_count
2026-03-07 18:53:54,382 INFO [app] unread_count
2026-03-07 18:53:55,276 INFO [app] unread_count
2026-03-07 18:53:55,385 INFO [app] unread_count
2026-03-07 18:53:55,624 INFO [app] unread_count
2026-03-07 18:53:55,706 INFO [app] unread_count
2026-03-07 18:53:55,962 INFO [app] unread_count
2026-03-07 18:53:56,068 INFO [app] unread_count
2026-03-07 18:53:56,216 INFO [app] unread_count
2026-03-07 18:53:56,287 INFO [app] unread_count
2026-03-07 18:53:56,531 INFO [app] unread_count
2026-03-07 18:53:56,582 INFO [app] unread_count
2026-03-07 18:53:56,778 INFO [app] unread_count
2026-03-07 18:53:56,833 INFO [app] unread_count
2026-03-07 18:53:57,525 INFO [app] unread_count
2026-03-07 18:53:57,527 INFO [app] unread_count
2026-03-07 18:54:08,421 INFO [app] unread_count
2026-03-07 18:54:08,425 INFO [app] unread_count
2026-03-07 18:54:15,595 INFO [app] unread_count
2026-03-07 18:54:15,697 INFO [app] unread_count
2026-03-07 18:54:17,820 INFO [app] engagement request
2026-03-07 18:54:17,955 INFO [app] unread_count
2026-03-07 18:54:18,187 INFO [app] notification_created
2026-03-07 18:54:21,180 INFO [app] unread_count
2026-03-07 18:54:21,219 INFO [app] unread_count
2026-03-07 18:54:23,326 INFO [app] engagement request
2026-03-07 18:54:51,647 INFO [app] engagement request
2026-03-07 18:54:51,717 INFO [app] unread_count
2026-03-07 18:54:51,757 INFO [app] notification_created
2026-03-07 18:54:55,118 INFO [app] unread_count
2026-03-07 18:54:55,141 INFO [app] unread_count
2026-03-07 18:55:15,348 INFO [app] unread_count
2026-03-07 18:55:15,381 INFO [app] unread_count
2026-03-07 18:55:18,311 INFO [app] unread_count
2026-03-07 18:55:18,328 INFO [app] unread_count
2026-03-07 18:55:20,372 INFO [app] unread_count
2026-03-07 18:55:20,395 INFO [app] unread_count
2026-03-07 18:55:28,005 INFO [app] engagement request
2026-03-07 18:55:28,102 INFO [app] unread_count
2026-03-07 18:55:28,125 INFO [app] notification_created
2026-03-07 18:55:30,547 INFO [app] unread_count
2026-03-07 18:55:30,594 INFO [app] unread_count
2026-03-07 18:55:57,362 INFO [app] unread_count
2026-03-07 18:55:57,398 INFO [app] unread_count
2026-03-07 18:56:02,892 INFO [app] engagement request
2026-03-07 18:56:12,941 INFO [app] unread_count
2026-03-07 18:56:12,979 INFO [app] unread_count
2026-03-07 18:56:24,935 INFO [app] engagement request
2026-03-07 18:56:27,825 INFO [app] engagement request
2026-03-07 18:56:28,030 INFO [app] unread_count
2026-03-07 18:56:28,047 INFO [app] unread_count
2026-03-07 18:56:31,001 INFO [app] unread_count
2026-03-07 18:56:32,910 INFO [app] engagement request
2026-03-07 18:56:35,548 INFO [app] unread_count
2026-03-07 18:56:36,252 INFO [app] engagement request
2026-03-07 18:56:36,391 INFO [app] unread_count
2026-03-07 18:56:36,413 INFO [app] unread_count
2026-03-07 18:56:38,114 INFO [app] unread_count
2026-03-07 18:56:41,476 INFO [app] engagement request
2026-03-07 18:56:43,319 INFO [app] engagement request
2026-03-07 18:56:43,508 INFO [app] unread_count
2026-03-07 18:56:43,547 INFO [app] unread_count
2026-03-07 18:56:46,408 INFO [app] unread_count
2026-03-07 18:56:51,045 INFO [app] engagement request
2026-03-07 18:57:26,840 INFO [app] unread_count
2026-03-07 18:57:26,863 INFO [app] unread_count
2026-03-07 19:00:37,624 INFO [app] Email sent
2026-03-07 19:00:37,954 INFO [app] notification_created
2026-03-07 19:00:53,390 INFO [app] unread_count
2026-03-07 19:00:53,439 INFO [app] unread_count
2026-03-07 19:01:44,615 INFO [app] list_notifications | user=d4d6e6a8-a340-4ff8-b6e2-6ca3102939e7
2026-03-07 19:01:44,649 INFO [app] unread_count
2026-03-07 19:01:44,653 INFO [app] list_notifications_result | count=1 data=[{'id': 7, 'type': 'login_new_device', 'is_read': False, 'ref': 'd4d6e6a8-a340-4ff8-b6e2-6ca3102939e7'}]
2026-03-07 19:01:44,677 INFO [app] list_notifications | user=d4d6e6a8-a340-4ff8-b6e2-6ca3102939e7
2026-03-07 19:01:44,678 INFO [app] unread_count
2026-03-07 19:01:44,685 INFO [app] list_notifications_result | count=1 data=[{'id': 7, 'type': 'login_new_device', 'is_read': False, 'ref': 'd4d6e6a8-a340-4ff8-b6e2-6ca3102939e7'}]
2026-03-07 19:01:45,295 INFO [app] list_notifications | user=d4d6e6a8-a340-4ff8-b6e2-6ca3102939e7
2026-03-07 19:01:45,300 INFO [app] unread_count
2026-03-07 19:01:45,301 INFO [app] list_notifications_result | count=1 data=[{'id': 7, 'type': 'login_new_device', 'is_read': False, 'ref': 'd4d6e6a8-a340-4ff8-b6e2-6ca3102939e7'}]
2026-03-07 19:02:47,405 INFO [app] engagement request
2026-03-07 19:02:52,625 INFO [app] unread_count
2026-03-07 19:02:52,667 INFO [app] unread_count
2026-03-07 19:02:58,280 INFO [app] unread_count
2026-03-07 19:02:58,316 INFO [app] unread_count
2026-03-07 19:03:02,206 INFO [app] unread_count
2026-03-07 19:03:02,302 INFO [app] unread_count
2026-03-07 19:03:04,451 INFO [app] unread_count
2026-03-07 19:03:05,987 INFO [app] story_view story_id=f3c7cb6f-ac0e-405a-a710-a2f59ad719de viewer_id=e83895c1-738c-492d-8fcd-bbbcd4695573 views=1 likes=0 replies=0
2026-03-07 19:03:06,100 INFO [app] story_metrics story_id=f3c7cb6f-ac0e-405a-a710-a2f59ad719de viewer_id=e83895c1-738c-492d-8fcd-bbbcd4695573 views=1 likes=0 replies=0
2026-03-07 19:03:06,144 INFO [app] story_view story_id=f3c7cb6f-ac0e-405a-a710-a2f59ad719de viewer_id=e83895c1-738c-492d-8fcd-bbbcd4695573 views=1 likes=0 replies=0
2026-03-07 19:03:20,344 INFO [app] unread_count
2026-03-07 19:03:20,412 INFO [app] unread_count
2026-03-07 19:03:23,816 INFO [app] list_notifications | user=cea7440e-41d3-492e-8572-a7639be97f6f
2026-03-07 19:03:23,817 INFO [app] unread_count
2026-03-07 19:03:23,821 INFO [app] list_notifications_result | count=3 data=[{'id': 6, 'type': 'reply_comment', 'is_read': False, 'ref': '1'}, {'id': 2, 'type': 'follow', 'is_read': False, 'ref': 'cea7440e-41d3-492e-8572-a7639be97f6f'}, {'id': 1, 'type': 'login_new_device', 'is_read': False, 'ref': 'cea7440e-41d3-492e-8572-a7639be97f6f'}]
2026-03-07 19:03:23,850 INFO [app] unread_count
2026-03-07 19:03:23,854 INFO [app] list_notifications | user=cea7440e-41d3-492e-8572-a7639be97f6f
2026-03-07 19:03:23,860 INFO [app] list_notifications_result | count=3 data=[{'id': 6, 'type': 'reply_comment', 'is_read': False, 'ref': '1'}, {'id': 2, 'type': 'follow', 'is_read': False, 'ref': 'cea7440e-41d3-492e-8572-a7639be97f6f'}, {'id': 1, 'type': 'login_new_device', 'is_read': False, 'ref': 'cea7440e-41d3-492e-8572-a7639be97f6f'}]
2026-03-07 19:03:25,009 INFO [app] list_notifications | user=cea7440e-41d3-492e-8572-a7639be97f6f
2026-03-07 19:03:25,010 INFO [app] unread_count
2026-03-07 19:03:25,013 INFO [app] list_notifications_result | count=3 data=[{'id': 6, 'type': 'reply_comment', 'is_read': False, 'ref': '1'}, {'id': 2, 'type': 'follow', 'is_read': False, 'ref': 'cea7440e-41d3-492e-8572-a7639be97f6f'}, {'id': 1, 'type': 'login_new_device', 'is_read': False, 'ref': 'cea7440e-41d3-492e-8572-a7639be97f6f'}]
2026-03-07 19:03:26,956 INFO [app] unread_count
2026-03-07 19:03:26,989 INFO [app] unread_count
2026-03-07 19:03:29,659 INFO [app] story_view story_id=f3c7cb6f-ac0e-405a-a710-a2f59ad719de viewer_id=cea7440e-41d3-492e-8572-a7639be97f6f views=2 likes=0 replies=0
2026-03-07 19:03:29,778 INFO [app] story_metrics story_id=f3c7cb6f-ac0e-405a-a710-a2f59ad719de viewer_id=cea7440e-41d3-492e-8572-a7639be97f6f views=2 likes=0 replies=0
2026-03-07 19:03:29,787 INFO [app] story_view story_id=f3c7cb6f-ac0e-405a-a710-a2f59ad719de viewer_id=cea7440e-41d3-492e-8572-a7639be97f6f views=2 likes=0 replies=0
2026-03-07 19:03:31,192 INFO [app] story_like_attempt story_id=f3c7cb6f-ac0e-405a-a710-a2f59ad719de viewer_id=cea7440e-41d3-492e-8572-a7639be97f6f path=/stories/f3c7cb6f-ac0e-405a-a710-a2f59ad719de/like method=POST ua=Mozilla/5.0 (Windows NT 10.0; Win64; x64) AppleWebKit/537.36 (KHTML, like Gecko) Chrome/145.0.0.0 Safari/537.36
2026-03-07 19:03:31,219 INFO [app] story_like story_id=f3c7cb6f-ac0e-405a-a710-a2f59ad719de viewer_id=cea7440e-41d3-492e-8572-a7639be97f6f liked=True likes=1 views=2 replies=0
2026-03-07 19:03:31,249 INFO [app] story_metrics story_id=f3c7cb6f-ac0e-405a-a710-a2f59ad719de viewer_id=cea7440e-41d3-492e-8572-a7639be97f6f views=2 likes=1 replies=0
2026-03-07 19:03:33,768 INFO [app] unread_count
2026-03-07 19:03:33,835 INFO [app] unread_count
2026-03-07 19:03:35,028 INFO [app] story_view story_id=f3c7cb6f-ac0e-405a-a710-a2f59ad719de viewer_id=cea7440e-41d3-492e-8572-a7639be97f6f views=2 likes=1 replies=0
2026-03-07 19:03:35,095 INFO [app] story_metrics story_id=f3c7cb6f-ac0e-405a-a710-a2f59ad719de viewer_id=cea7440e-41d3-492e-8572-a7639be97f6f views=2 likes=1 replies=0
2026-03-07 19:03:35,115 INFO [app] story_view story_id=f3c7cb6f-ac0e-405a-a710-a2f59ad719de viewer_id=cea7440e-41d3-492e-8572-a7639be97f6f views=2 likes=1 replies=0
2026-03-07 19:03:58,248 INFO [app] story_reply_attempt story_id=f3c7cb6f-ac0e-405a-a710-a2f59ad719de viewer_id=cea7440e-41d3-492e-8572-a7639be97f6f path=/stories/f3c7cb6f-ac0e-405a-a710-a2f59ad719de/reply method=POST ua=Mozilla/5.0 (Windows NT 10.0; Win64; x64) AppleWebKit/537.36 (KHTML, like Gecko) Chrome/145.0.0.0 Safari/537.36
2026-03-07 19:03:58,260 INFO [app] story_reply
2026-03-07 19:03:58,297 INFO [app] story_reply story_id=f3c7cb6f-ac0e-405a-a710-a2f59ad719de viewer_id=cea7440e-41d3-492e-8572-a7639be97f6f views=2 likes=1 replies=1
2026-03-07 19:04:00,502 INFO [app] unread_count
2026-03-07 19:04:00,551 INFO [app] unread_count
2026-03-07 19:04:02,155 INFO [app] story_view story_id=f3c7cb6f-ac0e-405a-a710-a2f59ad719de viewer_id=cea7440e-41d3-492e-8572-a7639be97f6f views=2 likes=1 replies=1
2026-03-07 19:04:02,263 INFO [app] story_metrics story_id=f3c7cb6f-ac0e-405a-a710-a2f59ad719de viewer_id=cea7440e-41d3-492e-8572-a7639be97f6f views=2 likes=1 replies=1
2026-03-07 19:04:02,312 INFO [app] story_view story_id=f3c7cb6f-ac0e-405a-a710-a2f59ad719de viewer_id=cea7440e-41d3-492e-8572-a7639be97f6f views=2 likes=1 replies=1
2026-03-07 19:04:06,529 INFO [app] unread_count
2026-03-07 19:04:06,607 INFO [app] unread_count
2026-03-07 19:04:07,572 INFO [app] story_view story_id=f3c7cb6f-ac0e-405a-a710-a2f59ad719de viewer_id=e83895c1-738c-492d-8fcd-bbbcd4695573 views=2 likes=1 replies=1
2026-03-07 19:04:07,689 INFO [app] story_metrics story_id=f3c7cb6f-ac0e-405a-a710-a2f59ad719de viewer_id=e83895c1-738c-492d-8fcd-bbbcd4695573 views=2 likes=1 replies=1
2026-03-07 19:04:07,692 INFO [app] story_view story_id=f3c7cb6f-ac0e-405a-a710-a2f59ad719de viewer_id=e83895c1-738c-492d-8fcd-bbbcd4695573 views=2 likes=1 replies=1
2026-03-07 19:04:10,959 INFO [app] story_like_attempt story_id=f3c7cb6f-ac0e-405a-a710-a2f59ad719de viewer_id=e83895c1-738c-492d-8fcd-bbbcd4695573 path=/stories/f3c7cb6f-ac0e-405a-a710-a2f59ad719de/like method=POST ua=Mozilla/5.0 (Windows NT 10.0; Win64; x64) AppleWebKit/537.36 (KHTML, like Gecko) Chrome/145.0.0.0 Safari/537.36 Edg/145.0.0.0
2026-03-07 19:04:10,982 INFO [app] story_like story_id=f3c7cb6f-ac0e-405a-a710-a2f59ad719de viewer_id=e83895c1-738c-492d-8fcd-bbbcd4695573 liked=True likes=2 views=2 replies=1
2026-03-07 19:04:11,018 INFO [app] story_metrics story_id=f3c7cb6f-ac0e-405a-a710-a2f59ad719de viewer_id=e83895c1-738c-492d-8fcd-bbbcd4695573 views=2 likes=2 replies=1
2026-03-07 19:04:12,049 INFO [app] unread_count
2026-03-07 19:04:12,466 INFO [app] unread_count
2026-03-07 19:04:14,930 INFO [app] story_view story_id=f3c7cb6f-ac0e-405a-a710-a2f59ad719de viewer_id=e83895c1-738c-492d-8fcd-bbbcd4695573 views=2 likes=2 replies=1
2026-03-07 19:04:15,002 INFO [app] story_metrics story_id=f3c7cb6f-ac0e-405a-a710-a2f59ad719de viewer_id=e83895c1-738c-492d-8fcd-bbbcd4695573 views=2 likes=2 replies=1
2026-03-07 19:04:15,036 INFO [app] story_view story_id=f3c7cb6f-ac0e-405a-a710-a2f59ad719de viewer_id=e83895c1-738c-492d-8fcd-bbbcd4695573 views=2 likes=2 replies=1
2026-03-07 19:04:16,986 INFO [app] story_like_attempt story_id=f3c7cb6f-ac0e-405a-a710-a2f59ad719de viewer_id=e83895c1-738c-492d-8fcd-bbbcd4695573 path=/stories/f3c7cb6f-ac0e-405a-a710-a2f59ad719de/like method=POST ua=Mozilla/5.0 (Windows NT 10.0; Win64; x64) AppleWebKit/537.36 (KHTML, like Gecko) Chrome/145.0.0.0 Safari/537.36 Edg/145.0.0.0
2026-03-07 19:04:17,007 INFO [app] story_like story_id=f3c7cb6f-ac0e-405a-a710-a2f59ad719de viewer_id=e83895c1-738c-492d-8fcd-bbbcd4695573 liked=False likes=1 views=2 replies=1
2026-03-07 19:04:17,038 INFO [app] story_metrics story_id=f3c7cb6f-ac0e-405a-a710-a2f59ad719de viewer_id=e83895c1-738c-492d-8fcd-bbbcd4695573 views=2 likes=1 replies=1
2026-03-07 19:04:17,824 INFO [app] story_like_attempt story_id=f3c7cb6f-ac0e-405a-a710-a2f59ad719de viewer_id=e83895c1-738c-492d-8fcd-bbbcd4695573 path=/stories/f3c7cb6f-ac0e-405a-a710-a2f59ad719de/like method=POST ua=Mozilla/5.0 (Windows NT 10.0; Win64; x64) AppleWebKit/537.36 (KHTML, like Gecko) Chrome/145.0.0.0 Safari/537.36 Edg/145.0.0.0
2026-03-07 19:04:17,845 INFO [app] story_like story_id=f3c7cb6f-ac0e-405a-a710-a2f59ad719de viewer_id=e83895c1-738c-492d-8fcd-bbbcd4695573 liked=True likes=2 views=2 replies=1
2026-03-07 19:04:17,888 INFO [app] story_metrics story_id=f3c7cb6f-ac0e-405a-a710-a2f59ad719de viewer_id=e83895c1-738c-492d-8fcd-bbbcd4695573 views=2 likes=2 replies=1
2026-03-07 19:04:19,156 INFO [app] unread_count
2026-03-07 19:04:19,190 INFO [app] unread_count
2026-03-07 19:04:20,363 INFO [app] story_view story_id=f3c7cb6f-ac0e-405a-a710-a2f59ad719de viewer_id=e83895c1-738c-492d-8fcd-bbbcd4695573 views=2 likes=2 replies=1
2026-03-07 19:04:20,437 INFO [app] story_metrics story_id=f3c7cb6f-ac0e-405a-a710-a2f59ad719de viewer_id=e83895c1-738c-492d-8fcd-bbbcd4695573 views=2 likes=2 replies=1
2026-03-07 19:04:20,471 INFO [app] story_view story_id=f3c7cb6f-ac0e-405a-a710-a2f59ad719de viewer_id=e83895c1-738c-492d-8fcd-bbbcd4695573 views=2 likes=2 replies=1
2026-03-07 19:04:29,239 INFO [app] unread_count
2026-03-07 19:04:29,301 INFO [app] unread_count
2026-03-07 19:04:34,543 INFO [app] unread_count
2026-03-07 19:04:34,594 INFO [app] unread_count
2026-03-07 19:04:36,847 INFO [app] unread_count
2026-03-07 19:04:38,588 INFO [app] unread_count
2026-03-07 19:04:38,623 INFO [app] unread_count
2026-03-07 19:04:41,149 INFO [app] engagement request
2026-03-07 19:04:41,172 INFO [app] pin_comment request
2026-03-07 19:04:41,207 INFO [app] pin_comment success
2026-03-07 19:04:42,504 INFO [app] unread_count
2026-03-07 19:04:42,545 INFO [app] unread_count
2026-03-07 19:05:00,224 INFO [app] unread_count
2026-03-07 19:05:00,265 INFO [app] unread_count
2026-03-07 19:05:02,494 INFO [app] unread_count
2026-03-07 19:07:07,658 INFO [app] story_view story_id=f3c7cb6f-ac0e-405a-a710-a2f59ad719de viewer_id=cea7440e-41d3-492e-8572-a7639be97f6f views=2 likes=2 replies=1
2026-03-07 19:07:07,880 INFO [app] story_view story_id=f3c7cb6f-ac0e-405a-a710-a2f59ad719de viewer_id=cea7440e-41d3-492e-8572-a7639be97f6f views=2 likes=2 replies=1
2026-03-07 19:07:07,889 INFO [app] story_metrics story_id=f3c7cb6f-ac0e-405a-a710-a2f59ad719de viewer_id=cea7440e-41d3-492e-8572-a7639be97f6f views=2 likes=2 replies=1
2026-03-07 19:07:10,978 INFO [app] unread_count
2026-03-07 19:07:11,131 INFO [app] unread_count
2026-03-07 19:07:22,865 INFO [app] unread_count
2026-03-07 19:07:22,939 INFO [app] unread_count
2026-03-07 19:07:59,542 INFO [app] unread_count
2026-03-07 19:07:59,567 INFO [app] unread_count
2026-03-07 19:08:07,523 INFO [app] unread_count
2026-03-07 19:08:07,544 INFO [app] unread_count
2026-03-07 19:08:16,928 INFO [app] unread_count
2026-03-07 19:08:16,983 INFO [app] unread_count
2026-03-07 19:08:25,627 INFO [app] unread_count
2026-03-07 19:08:41,641 INFO [app] unread_count
2026-03-07 19:08:41,641 INFO [app] unread_count
2026-03-07 19:08:45,571 INFO [app] unread_count
2026-03-07 19:08:48,038 INFO [app] unread_count
2026-03-07 19:08:48,063 INFO [app] unread_count
2026-03-07 19:08:52,443 INFO [app] engagement request
2026-03-07 19:09:00,042 INFO [app] engagement request
2026-03-07 19:09:01,129 INFO [app] engagement request
2026-03-07 19:09:02,227 INFO [app] engagement request
2026-03-07 19:09:03,649 INFO [app] engagement request
2026-03-07 19:09:04,046 INFO [app] unread_count
2026-03-07 19:09:04,080 INFO [app] unread_count
2026-03-07 19:09:06,515 INFO [app] unread_count
2026-03-07 19:09:06,559 INFO [app] unread_count
2026-03-07 19:10:39,222 INFO [app] unread_count
2026-03-07 19:10:39,319 INFO [app] unread_count
2026-03-07 19:10:44,838 INFO [app] unread_count
2026-03-07 19:10:44,945 INFO [app] unread_count
2026-03-07 19:10:55,898 INFO [app] unread_count
2026-03-07 19:10:55,987 INFO [app] unread_count
2026-03-07 19:10:57,954 INFO [app] unread_count
2026-03-07 19:11:11,545 INFO [app] unread_count
2026-03-07 19:11:14,063 INFO [app] unread_count
2026-03-07 19:12:01,034 INFO [app] unread_count
2026-03-07 19:12:02,305 INFO [app] unread_count
2026-03-07 19:12:02,793 INFO [app] unread_count
2026-03-07 19:12:02,822 INFO [app] unread_count
2026-03-07 19:13:15,769 INFO [app] unread_count
2026-03-07 19:13:15,825 INFO [app] unread_count
2026-03-07 19:13:15,929 INFO [app] unread_count
2026-03-07 19:13:16,017 INFO [app] unread_count
2026-03-07 19:13:23,184 INFO [app] unread_count
2026-03-07 19:13:23,298 INFO [app] unread_count
2026-03-07 19:13:28,167 INFO [app] unread_count
2026-03-07 19:13:28,305 INFO [app] unread_count
2026-03-07 19:13:28,834 INFO [app] unread_count
2026-03-07 19:13:28,933 INFO [app] unread_count
2026-03-07 19:13:46,276 INFO [app] socket send_message
2026-03-07 19:13:47,206 INFO [app] unread_count
2026-03-07 19:13:48,079 INFO [app] notification_created
2026-03-07 19:13:48,083 INFO [app] socket send_message success
2026-03-07 19:13:49,096 INFO [app] unread_count
2026-03-07 19:13:49,243 INFO [app] unread_count
2026-03-07 19:13:49,749 INFO [app] unread_count
2026-03-07 19:13:49,816 INFO [app] unread_count
2026-03-07 19:15:43,162 INFO [app] unread_count
2026-03-07 19:15:43,246 INFO [app] unread_count
2026-03-07 19:15:43,481 INFO [app] unread_count
2026-03-07 19:15:43,928 INFO [app] unread_count
2026-03-07 19:15:43,978 INFO [app] unread_count
2026-03-07 19:15:46,599 INFO [app] unread_count
2026-03-07 19:15:47,622 INFO [app] unread_count
2026-03-07 19:15:51,675 INFO [app] list_notifications | user=cea7440e-41d3-492e-8572-a7639be97f6f
2026-03-07 19:15:51,675 INFO [app] unread_count
2026-03-07 19:15:51,680 INFO [app] list_notifications_result | count=4 data=[{'id': 8, 'type': 'dm', 'is_read': False, 'ref': '686901b6-c4c8-433c-a837-fd0d9f902b31'}, {'id': 6, 'type': 'reply_comment', 'is_read': False, 'ref': '1'}, {'id': 2, 'type': 'follow', 'is_read': False, 'ref': 'cea7440e-41d3-492e-8572-a7639be97f6f'}, {'id': 1, 'type': 'login_new_device', 'is_read': False, 'ref': 'cea7440e-41d3-492e-8572-a7639be97f6f'}]
2026-03-07 19:15:51,737 INFO [app] list_notifications | user=cea7440e-41d3-492e-8572-a7639be97f6f
2026-03-07 19:15:51,744 INFO [app] unread_count
2026-03-07 19:15:51,745 INFO [app] list_notifications_result | count=4 data=[{'id': 8, 'type': 'dm', 'is_read': False, 'ref': '686901b6-c4c8-433c-a837-fd0d9f902b31'}, {'id': 6, 'type': 'reply_comment', 'is_read': False, 'ref': '1'}, {'id': 2, 'type': 'follow', 'is_read': False, 'ref': 'cea7440e-41d3-492e-8572-a7639be97f6f'}, {'id': 1, 'type': 'login_new_device', 'is_read': False, 'ref': 'cea7440e-41d3-492e-8572-a7639be97f6f'}]
2026-03-07 19:15:54,387 INFO [app] unread_count
2026-03-07 19:15:54,442 INFO [app] unread_count
2026-03-07 19:15:56,622 INFO [app] unread_count
2026-03-07 19:15:56,744 INFO [app] unread_count
2026-03-07 19:15:56,806 INFO [app] unread_count
2026-03-07 19:15:56,827 INFO [app] unread_count
2026-03-07 19:16:27,388 INFO [app] unread_count
2026-03-07 19:16:27,445 INFO [app] unread_count
2026-03-07 19:16:27,628 INFO [app] unread_count
2026-03-07 19:16:27,658 INFO [app] unread_count
2026-03-07 19:16:28,681 INFO [app] unread_count
2026-03-07 19:16:31,569 INFO [app] unread_count
2026-03-07 19:16:34,139 INFO [app] unread_count
2026-03-07 19:16:34,233 INFO [app] unread_count
2026-03-07 19:16:34,489 INFO [app] unread_count
2026-03-07 19:16:34,513 INFO [app] unread_count
2026-03-07 19:16:54,375 INFO [app] unread_count
2026-03-07 19:16:54,477 INFO [app] unread_count
2026-03-07 19:16:54,657 INFO [app] unread_count
2026-03-07 19:16:54,720 INFO [app] unread_count
2026-03-07 19:18:18,233 INFO [app] unread_count
2026-03-07 19:18:18,598 INFO [app] unread_count
2026-03-07 19:19:06,380 INFO [app] unread_count
2026-03-07 19:19:06,472 INFO [app] unread_count
2026-03-07 19:19:15,308 INFO [app] unread_count
2026-03-07 19:19:15,393 INFO [app] unread_count
2026-03-07 19:19:17,300 INFO [app] unread_count
2026-03-07 19:19:17,920 INFO [app] unread_count
2026-03-07 19:19:20,367 INFO [app] unread_count
2026-03-07 19:19:22,993 INFO [app] unread_count
2026-03-07 19:19:23,070 INFO [app] unread_count
2026-03-07 19:19:24,401 INFO [app] unread_count
2026-03-07 19:19:24,831 INFO [app] unread_count
2026-03-07 19:19:27,994 INFO [app] unread_count
2026-03-07 19:19:28,354 INFO [app] unread_count
2026-03-07 19:19:28,390 INFO [app] unread_count
2026-03-07 19:19:28,410 INFO [app] unread_count
2026-03-07 19:19:39,531 WARNING [app] tenor v2 failed
2026-03-07 19:19:46,874 WARNING [app] tenor v2 failed
2026-03-07 19:19:47,974 WARNING [app] tenor v2 failed
2026-03-07 19:19:49,661 WARNING [app] tenor v2 failed
2026-03-07 19:19:52,958 WARNING [app] tenor v2 failed
2026-03-07 19:19:53,244 INFO [app] socket send_message
2026-03-07 19:19:53,369 INFO [app] unread_count
2026-03-07 19:19:53,435 INFO [app] unread_count
2026-03-07 19:19:53,454 INFO [app] unread_count
2026-03-07 19:19:53,666 INFO [app] notification_created
2026-03-07 19:19:53,676 INFO [app] socket send_message success
2026-03-07 19:19:55,876 INFO [app] unread_count
2026-03-07 19:19:55,951 INFO [app] unread_count
2026-03-07 19:19:56,218 INFO [app] unread_count
2026-03-07 19:19:56,260 INFO [app] unread_count
2026-03-07 19:20:02,886 INFO [app] unread_count
2026-03-07 19:20:02,919 INFO [app] unread_count
2026-03-07 19:20:03,230 INFO [app] unread_count
2026-03-07 19:20:03,270 INFO [app] unread_count
2026-03-07 19:20:10,278 INFO [app] socket send_message
2026-03-07 19:20:10,382 INFO [app] unread_count
2026-03-07 19:20:10,399 INFO [app] unread_count
2026-03-07 19:20:10,432 INFO [app] notification_created
2026-03-07 19:20:10,434 INFO [app] socket send_message success
2026-03-07 19:20:14,428 INFO [app] unread_count
2026-03-07 19:20:14,463 INFO [app] unread_count
2026-03-07 19:20:14,671 INFO [app] unread_count
2026-03-07 19:20:14,708 INFO [app] unread_count
2026-03-07 19:20:20,885 INFO [app] unread_count
2026-03-07 19:20:21,024 INFO [app] unread_count
2026-03-07 19:20:45,352 INFO [app] unread_count
2026-03-07 19:20:45,405 INFO [app] unread_count
2026-03-07 19:21:16,132 INFO [app] unread_count
2026-03-07 19:21:16,268 INFO [app] unread_count
2026-03-07 19:21:39,729 INFO [app] engagement request
2026-03-07 19:21:41,354 INFO [app] unread_count
2026-03-07 19:21:41,527 INFO [app] unread_count
2026-03-07 19:21:41,702 INFO [app] unread_count
2026-03-07 19:21:41,761 INFO [app] unread_count
2026-03-07 19:21:41,798 INFO [app] unread_count
2026-03-07 19:21:41,880 INFO [app] unread_count
2026-03-07 19:21:47,368 INFO [app] unread_count
2026-03-07 19:21:54,197 INFO [app] unread_count
2026-03-07 19:21:54,467 INFO [app] unread_count
2026-03-07 19:21:56,947 INFO [app] unread_count
2026-03-07 19:21:58,823 INFO [app] unread_count
2026-03-07 19:21:59,495 INFO [app] unread_count
2026-03-07 19:21:59,535 INFO [app] unread_count
2026-03-07 19:21:59,576 INFO [app] unread_count
2026-03-07 19:22:09,572 INFO [app] unread_count
2026-03-07 19:22:10,137 INFO [app] unread_count
2026-03-07 19:22:20,807 INFO [app] engagement request
2026-03-07 19:22:21,013 INFO [app] unread_count
2026-03-07 19:22:21,037 INFO [app] unread_count
2026-03-07 19:22:47,369 INFO [app] unread_count
2026-03-07 19:22:47,406 INFO [app] unread_count
2026-03-07 19:22:50,708 INFO [app] unread_count
2026-03-07 19:22:50,777 INFO [app] unread_count
2026-03-07 19:23:06,535 INFO [app] unread_count
2026-03-07 19:23:17,117 INFO [app] unread_count
2026-03-07 19:23:17,320 INFO [app] unread_count
2026-03-07 19:23:34,751 INFO [app] unread_count
2026-03-07 19:23:34,828 INFO [app] unread_count
2026-03-07 19:23:45,897 INFO [app] unread_count
2026-03-07 19:23:45,922 INFO [app] unread_count
2026-03-07 19:24:11,820 INFO [app] unread_count
2026-03-07 19:24:11,860 INFO [app] unread_count
2026-03-07 19:24:16,319 INFO [app] unread_count
2026-03-07 19:24:16,744 INFO [app] unread_count
2026-03-07 19:24:17,853 INFO [app] unread_count
2026-03-07 19:24:18,102 INFO [app] unread_count
2026-03-07 19:24:18,254 INFO [app] unread_count
2026-03-07 19:24:18,283 INFO [app] unread_count
2026-03-07 19:24:25,308 INFO [app] unread_count
2026-03-07 19:24:25,350 INFO [app] unread_count
2026-03-07 19:24:31,858 INFO [app] unread_count
2026-03-07 19:24:31,916 INFO [app] unread_count
2026-03-07 19:24:44,149 INFO [app] list_notifications | user=e83895c1-738c-492d-8fcd-bbbcd4695573
2026-03-07 19:24:44,154 INFO [app] unread_count
2026-03-07 19:24:44,159 INFO [app] list_notifications_result | count=4 data=[{'id': 9, 'type': 'dm', 'is_read': False, 'ref': '09eddc33-902d-4ef6-ba37-44227c477d9b'}, {'id': 5, 'type': 'comment_post', 'is_read': False, 'ref': 'bf14339b-c764-4db8-8ddc-4a9d9d7541f6'}, {'id': 4, 'type': 'like_post', 'is_read': False, 'ref': 'bf14339b-c764-4db8-8ddc-4a9d9d7541f6'}, {'id': 3, 'type': 'follow', 'is_read': False, 'ref': 'e83895c1-738c-492d-8fcd-bbbcd4695573'}]
2026-03-07 19:24:44,182 INFO [app] unread_count
2026-03-07 19:24:44,193 INFO [app] list_notifications | user=e83895c1-738c-492d-8fcd-bbbcd4695573
2026-03-07 19:24:44,201 INFO [app] list_notifications_result | count=4 data=[{'id': 9, 'type': 'dm', 'is_read': False, 'ref': '09eddc33-902d-4ef6-ba37-44227c477d9b'}, {'id': 5, 'type': 'comment_post', 'is_read': False, 'ref': 'bf14339b-c764-4db8-8ddc-4a9d9d7541f6'}, {'id': 4, 'type': 'like_post', 'is_read': False, 'ref': 'bf14339b-c764-4db8-8ddc-4a9d9d7541f6'}, {'id': 3, 'type': 'follow', 'is_read': False, 'ref': 'e83895c1-738c-492d-8fcd-bbbcd4695573'}]
2026-03-07 19:24:45,321 INFO [app] notifications_page_data | user=e83895c1-738c-492d-8fcd-bbbcd4695573 count=4 data=[{'id': 9, 'type': 'dm', 'is_read': False, 'ref': '09eddc33-902d-4ef6-ba37-44227c477d9b', 'meta': {'conversation_id': '83bd9123-7800-4f3c-a1bf-16cdcca1658b', 'message_type': 'gif'}, 'created_at': '2026-03-07T13:49:53.320018'}, {'id': 5, 'type': 'comment_post', 'is_read': False, 'ref': 'bf14339b-c764-4db8-8ddc-4a9d9d7541f6', 'meta': {'post_id': 'bf14339b-c764-4db8-8ddc-4a9d9d7541f6', 'comment_id': 1}, 'created_at': '2026-03-07T13:24:51.686111'}, {'id': 4, 'type': 'like_post', 'is_read': False, 'ref': 'bf14339b-c764-4db8-8ddc-4a9d9d7541f6', 'meta': {'post_id': 'bf14339b-c764-4db8-8ddc-4a9d9d7541f6'}, 'created_at': '2026-03-07T13:24:17.924191'}, {'id': 3, 'type': 'follow', 'is_read': False, 'ref': 'e83895c1-738c-492d-8fcd-bbbcd4695573', 'meta': {'follower_id': 'cea7440e-41d3-492e-8572-a7639be97f6f'}, 'created_at': '2026-03-07T13:14:15.897253'}]
2026-03-07 19:24:46,289 INFO [app] unread_count
2026-03-07 19:24:46,296 INFO [app] list_notifications | user=e83895c1-738c-492d-8fcd-bbbcd4695573
2026-03-07 19:24:46,307 INFO [app] list_notifications_result | count=4 data=[{'id': 9, 'type': 'dm', 'is_read': False, 'ref': '09eddc33-902d-4ef6-ba37-44227c477d9b'}, {'id': 5, 'type': 'comment_post', 'is_read': False, 'ref': 'bf14339b-c764-4db8-8ddc-4a9d9d7541f6'}, {'id': 4, 'type': 'like_post', 'is_read': False, 'ref': 'bf14339b-c764-4db8-8ddc-4a9d9d7541f6'}, {'id': 3, 'type': 'follow', 'is_read': False, 'ref': 'e83895c1-738c-492d-8fcd-bbbcd4695573'}]
2026-03-07 19:24:46,321 INFO [app] unread_count
2026-03-07 19:24:50,890 INFO [app] unread_count
2026-03-07 19:24:50,948 INFO [app] unread_count
2026-03-07 19:24:57,170 INFO [app] unread_count
2026-03-07 19:24:57,200 INFO [app] unread_count
2026-03-07 19:25:04,950 INFO [app] unread_count
2026-03-07 19:25:04,970 INFO [app] unread_count
2026-03-07 19:25:07,076 INFO [app] unread_count
2026-03-07 19:25:07,092 INFO [app] unread_count
2026-03-07 19:25:18,707 INFO [app] engagement request
2026-03-07 19:25:18,872 INFO [app] unread_count
2026-03-07 19:25:18,906 INFO [app] unread_count
2026-03-07 19:36:13,313 INFO [app] unread_count
2026-03-07 19:36:13,580 INFO [app] unread_count
2026-03-07 19:36:19,867 INFO [app] unread_count
2026-03-07 19:36:19,899 INFO [app] unread_count
2026-03-07 19:36:28,474 INFO [app] unread_count
